<?xml version="1.0" encoding="UTF-8"?>
<!-- Generated by org.testng.reporters.JUnitReportReporter -->
<testsuite skipped="0" hostname="rrt" name="com.nasa.sound.test.SoundGetTest" tests="1" failures="0" timestamp="08 Aug 2017 06:33:08 GMT" time="1.219" errors="0">
  <testcase name="getStudentFromCSC" time="1.219" classname="com.nasa.sound.test.SoundGetTest"/>
</testsuite> <!-- com.nasa.sound.test.SoundGetTest -->
