<?xml version="1.0" encoding="UTF-8"?>
<!-- Generated by org.testng.reporters.JUnitReportReporter -->
<testsuite skipped="0" hostname="rrt" name="com.student.Test.StudentGetTest" tests="4" failures="0" timestamp="08 Aug 2017 06:16:40 GMT" time="1.107" errors="0">
  <testcase name="getStudentInfo" time="0.047" classname="com.student.Test.StudentGetTest"/>
  <testcase name="getStudentFromCSC" time="0.054" classname="com.student.Test.StudentGetTest"/>
  <testcase name="getAllStudentListAndVerifyStetusCode" time="0.112" classname="com.student.Test.StudentGetTest"/>
  <testcase name="getAllStudentList" time="0.894" classname="com.student.Test.StudentGetTest"/>
</testsuite> <!-- com.student.Test.StudentGetTest -->
