<?xml version="1.0" encoding="UTF-8"?>
<!-- Generated by org.testng.reporters.JUnitReportReporter -->
<testsuite skipped="0" hostname="rrt" name="com.student.Test.SoundGetTest" tests="1" failures="0" timestamp="08 Aug 2017 06:25:39 GMT" time="1.589" errors="0">
  <testcase name="getStudentFromCSC" time="1.589" classname="com.student.Test.SoundGetTest"/>
</testsuite> <!-- com.student.Test.SoundGetTest -->
